{"C:\\Users\\da390\\OneDrive\\Documentos\\Git-Projects\\my-react-app\\src\\components\\TodoApp.jsx": {"path":"C:\\Users\\da390\\OneDrive\\Documentos\\Git-Projects\\my-react-app\\src\\components\\TodoApp.jsx","statementMap":{"0":{"start":{"line":15,"column":6},"end":{"line":15,"column":16}},"1":{"start":{"line":16,"column":26},"end":{"line":16,"column":38}},"2":{"start":{"line":17,"column":36},"end":{"line":17,"column":50}},"3":{"start":{"line":18,"column":28},"end":{"line":18,"column":40}},"4":{"start":{"line":21,"column":23},"end":{"line":25,"column":3}},"5":{"start":{"line":22,"column":4},"end":{"line":22,"column":26}},"6":{"start":{"line":23,"column":4},"end":{"line":23,"column":17}},"7":{"start":{"line":24,"column":4},"end":{"line":24,"column":15}},"8":{"start":{"line":28,"column":20},"end":{"line":31,"column":3}},"9":{"start":{"line":29,"column":4},"end":{"line":29,"column":25}},"10":{"start":{"line":30,"column":4},"end":{"line":30,"column":23}},"11":{"start":{"line":34,"column":27},"end":{"line":38,"column":3}},"12":{"start":{"line":35,"column":4},"end":{"line":35,"column":26}},"13":{"start":{"line":36,"column":4},"end":{"line":36,"column":30}},"14":{"start":{"line":37,"column":4},"end":{"line":37,"column":22}},"15":{"start":{"line":41,"column":23},"end":{"line":41,"column":59}},"16":{"start":{"line":41,"column":44},"end":{"line":41,"column":58}},"17":{"start":{"line":43,"column":2},"end":{"line":116,"column":3}},"18":{"start":{"line":54,"column":31},"end":{"line":54,"column":58}},"19":{"start":{"line":68,"column":12},"end":{"line":105,"column":17}},"20":{"start":{"line":75,"column":32},"end":{"line":75,"column":51}},"21":{"start":{"line":83,"column":41},"end":{"line":83,"column":69}},"22":{"start":{"line":94,"column":31},"end":{"line":94,"column":46}},"23":{"start":{"line":101,"column":31},"end":{"line":101,"column":50}}},"fnMap":{"0":{"name":"TodoApp","decl":{"start":{"line":6,"column":16},"end":{"line":6,"column":23}},"loc":{"start":{"line":6,"column":26},"end":{"line":117,"column":1}},"line":6},"1":{"name":"(anonymous_1)","decl":{"start":{"line":21,"column":23},"end":{"line":21,"column":24}},"loc":{"start":{"line":21,"column":34},"end":{"line":25,"column":3}},"line":21},"2":{"name":"(anonymous_2)","decl":{"start":{"line":28,"column":20},"end":{"line":28,"column":21}},"loc":{"start":{"line":28,"column":30},"end":{"line":31,"column":3}},"line":28},"3":{"name":"(anonymous_3)","decl":{"start":{"line":34,"column":27},"end":{"line":34,"column":28}},"loc":{"start":{"line":34,"column":38},"end":{"line":38,"column":3}},"line":34},"4":{"name":"(anonymous_4)","decl":{"start":{"line":41,"column":34},"end":{"line":41,"column":35}},"loc":{"start":{"line":41,"column":44},"end":{"line":41,"column":58}},"line":41},"5":{"name":"(anonymous_5)","decl":{"start":{"line":54,"column":20},"end":{"line":54,"column":21}},"loc":{"start":{"line":54,"column":31},"end":{"line":54,"column":58}},"line":54},"6":{"name":"(anonymous_6)","decl":{"start":{"line":67,"column":21},"end":{"line":67,"column":22}},"loc":{"start":{"line":68,"column":12},"end":{"line":105,"column":17}},"line":68},"7":{"name":"(anonymous_7)","decl":{"start":{"line":75,"column":26},"end":{"line":75,"column":27}},"loc":{"start":{"line":75,"column":32},"end":{"line":75,"column":51}},"line":75},"8":{"name":"(anonymous_8)","decl":{"start":{"line":83,"column":30},"end":{"line":83,"column":31}},"loc":{"start":{"line":83,"column":41},"end":{"line":83,"column":69}},"line":83},"9":{"name":"(anonymous_9)","decl":{"start":{"line":94,"column":25},"end":{"line":94,"column":26}},"loc":{"start":{"line":94,"column":31},"end":{"line":94,"column":46}},"line":94},"10":{"name":"(anonymous_10)","decl":{"start":{"line":101,"column":25},"end":{"line":101,"column":26}},"loc":{"start":{"line":101,"column":31},"end":{"line":101,"column":50}},"line":101}},"branchMap":{"0":{"loc":{"start":{"line":47,"column":23},"end":{"line":47,"column":82}},"type":"cond-expr","locations":[{"start":{"line":47,"column":43},"end":{"line":47,"column":60}},{"start":{"line":47,"column":63},"end":{"line":47,"column":82}}],"line":47},"1":{"loc":{"start":{"line":63,"column":7},"end":{"line":108,"column":7}},"type":"cond-expr","locations":[{"start":{"line":64,"column":8},"end":{"line":64,"column":73}},{"start":{"line":66,"column":8},"end":{"line":107,"column":13}}],"line":63},"2":{"loc":{"start":{"line":70,"column":37},"end":{"line":70,"column":71}},"type":"cond-expr","locations":[{"start":{"line":70,"column":54},"end":{"line":70,"column":66}},{"start":{"line":70,"column":69},"end":{"line":70,"column":71}}],"line":70},"3":{"loc":{"start":{"line":78,"column":15},"end":{"line":90,"column":15}},"type":"cond-expr","locations":[{"start":{"line":79,"column":16},"end":{"line":87,"column":23}},{"start":{"line":89,"column":16},"end":{"line":89,"column":62}}],"line":78},"4":{"loc":{"start":{"line":110,"column":7},"end":{"line":114,"column":7}},"type":"binary-expr","locations":[{"start":{"line":110,"column":7},"end":{"line":110,"column":19}},{"start":{"line":111,"column":8},"end":{"line":113,"column":17}}],"line":110}},"s":{"0":94,"1":94,"2":94,"3":94,"4":94,"5":5,"6":5,"7":5,"8":94,"9":1,"10":1,"11":94,"12":1,"13":1,"14":1,"15":94,"16":34,"17":94,"18":63,"19":35,"20":2,"21":16,"22":1,"23":1},"f":{"0":94,"1":5,"2":1,"3":1,"4":34,"5":63,"6":35,"7":2,"8":16,"9":1,"10":1},"b":{"0":[31,63],"1":[61,33],"2":[2,33],"3":[17,18],"4":[94,2]},"_coverageSchema":"1a1c01bbd47fc00a2c39e90264f33305004495a9","hash":"f28c0b56a530685a209bb44add6fb75c9020f9e8"}
,"C:\\Users\\da390\\OneDrive\\Documentos\\Git-Projects\\my-react-app\\src\\hooks\\useTodos.js": {"path":"C:\\Users\\da390\\OneDrive\\Documentos\\Git-Projects\\my-react-app\\src\\hooks\\useTodos.js","statementMap":{"0":{"start":{"line":3,"column":14},"end":{"line":3,"column":15}},"1":{"start":{"line":7,"column":2},"end":{"line":7,"column":14}},"2":{"start":{"line":8,"column":2},"end":{"line":8,"column":26}},"3":{"start":{"line":13,"column":28},"end":{"line":13,"column":50}},"4":{"start":{"line":16,"column":18},"end":{"line":21,"column":3}},"5":{"start":{"line":17,"column":20},"end":{"line":17,"column":31}},"6":{"start":{"line":18,"column":4},"end":{"line":18,"column":24}},"7":{"start":{"line":18,"column":18},"end":{"line":18,"column":24}},"8":{"start":{"line":19,"column":20},"end":{"line":19,"column":71}},"9":{"start":{"line":20,"column":4},"end":{"line":20,"column":42}},"10":{"start":{"line":20,"column":23},"end":{"line":20,"column":41}},"11":{"start":{"line":24,"column":21},"end":{"line":30,"column":3}},"12":{"start":{"line":25,"column":4},"end":{"line":29,"column":5}},"13":{"start":{"line":26,"column":6},"end":{"line":28,"column":7}},"14":{"start":{"line":27,"column":8},"end":{"line":27,"column":71}},"15":{"start":{"line":33,"column":21},"end":{"line":35,"column":3}},"16":{"start":{"line":34,"column":4},"end":{"line":34,"column":61}},"17":{"start":{"line":34,"column":23},"end":{"line":34,"column":60}},"18":{"start":{"line":34,"column":45},"end":{"line":34,"column":59}},"19":{"start":{"line":38,"column":19},"end":{"line":44,"column":3}},"20":{"start":{"line":39,"column":20},"end":{"line":39,"column":34}},"21":{"start":{"line":40,"column":4},"end":{"line":40,"column":24}},"22":{"start":{"line":40,"column":18},"end":{"line":40,"column":24}},"23":{"start":{"line":41,"column":4},"end":{"line":43,"column":5}},"24":{"start":{"line":42,"column":6},"end":{"line":42,"column":78}},"25":{"start":{"line":42,"column":26},"end":{"line":42,"column":76}},"26":{"start":{"line":47,"column":25},"end":{"line":49,"column":3}},"27":{"start":{"line":48,"column":4},"end":{"line":48,"column":62}},"28":{"start":{"line":48,"column":23},"end":{"line":48,"column":61}},"29":{"start":{"line":48,"column":45},"end":{"line":48,"column":60}},"30":{"start":{"line":52,"column":22},"end":{"line":52,"column":68}},"31":{"start":{"line":52,"column":45},"end":{"line":52,"column":60}},"32":{"start":{"line":54,"column":2},"end":{"line":62,"column":3}}},"fnMap":{"0":{"name":"createId","decl":{"start":{"line":6,"column":9},"end":{"line":6,"column":17}},"loc":{"start":{"line":6,"column":20},"end":{"line":9,"column":1}},"line":6},"1":{"name":"useTodos","decl":{"start":{"line":12,"column":16},"end":{"line":12,"column":24}},"loc":{"start":{"line":12,"column":44},"end":{"line":63,"column":1}},"line":12},"2":{"name":"(anonymous_2)","decl":{"start":{"line":16,"column":18},"end":{"line":16,"column":19}},"loc":{"start":{"line":16,"column":28},"end":{"line":21,"column":3}},"line":16},"3":{"name":"(anonymous_3)","decl":{"start":{"line":20,"column":13},"end":{"line":20,"column":14}},"loc":{"start":{"line":20,"column":23},"end":{"line":20,"column":41}},"line":20},"4":{"name":"(anonymous_4)","decl":{"start":{"line":24,"column":21},"end":{"line":24,"column":22}},"loc":{"start":{"line":24,"column":29},"end":{"line":30,"column":3}},"line":24},"5":{"name":"(anonymous_5)","decl":{"start":{"line":25,"column":13},"end":{"line":25,"column":14}},"loc":{"start":{"line":26,"column":6},"end":{"line":28,"column":7}},"line":26},"6":{"name":"(anonymous_6)","decl":{"start":{"line":26,"column":15},"end":{"line":26,"column":16}},"loc":{"start":{"line":27,"column":8},"end":{"line":27,"column":71}},"line":27},"7":{"name":"(anonymous_7)","decl":{"start":{"line":33,"column":21},"end":{"line":33,"column":22}},"loc":{"start":{"line":33,"column":29},"end":{"line":35,"column":3}},"line":33},"8":{"name":"(anonymous_8)","decl":{"start":{"line":34,"column":13},"end":{"line":34,"column":14}},"loc":{"start":{"line":34,"column":23},"end":{"line":34,"column":60}},"line":34},"9":{"name":"(anonymous_9)","decl":{"start":{"line":34,"column":35},"end":{"line":34,"column":36}},"loc":{"start":{"line":34,"column":45},"end":{"line":34,"column":59}},"line":34},"10":{"name":"(anonymous_10)","decl":{"start":{"line":38,"column":19},"end":{"line":38,"column":20}},"loc":{"start":{"line":38,"column":36},"end":{"line":44,"column":3}},"line":38},"11":{"name":"(anonymous_11)","decl":{"start":{"line":41,"column":13},"end":{"line":41,"column":14}},"loc":{"start":{"line":42,"column":6},"end":{"line":42,"column":78}},"line":42},"12":{"name":"(anonymous_12)","decl":{"start":{"line":42,"column":15},"end":{"line":42,"column":16}},"loc":{"start":{"line":42,"column":26},"end":{"line":42,"column":76}},"line":42},"13":{"name":"(anonymous_13)","decl":{"start":{"line":47,"column":25},"end":{"line":47,"column":26}},"loc":{"start":{"line":47,"column":31},"end":{"line":49,"column":3}},"line":47},"14":{"name":"(anonymous_14)","decl":{"start":{"line":48,"column":13},"end":{"line":48,"column":14}},"loc":{"start":{"line":48,"column":23},"end":{"line":48,"column":61}},"line":48},"15":{"name":"(anonymous_15)","decl":{"start":{"line":48,"column":35},"end":{"line":48,"column":36}},"loc":{"start":{"line":48,"column":45},"end":{"line":48,"column":60}},"line":48},"16":{"name":"(anonymous_16)","decl":{"start":{"line":52,"column":35},"end":{"line":52,"column":36}},"loc":{"start":{"line":52,"column":45},"end":{"line":52,"column":60}},"line":52}},"branchMap":{"0":{"loc":{"start":{"line":12,"column":25},"end":{"line":12,"column":42}},"type":"default-arg","locations":[{"start":{"line":12,"column":40},"end":{"line":12,"column":42}}],"line":12},"1":{"loc":{"start":{"line":18,"column":4},"end":{"line":18,"column":24}},"type":"if","locations":[{"start":{"line":18,"column":4},"end":{"line":18,"column":24}},{"start":{},"end":{}}],"line":18},"2":{"loc":{"start":{"line":27,"column":8},"end":{"line":27,"column":71}},"type":"cond-expr","locations":[{"start":{"line":27,"column":25},"end":{"line":27,"column":64}},{"start":{"line":27,"column":67},"end":{"line":27,"column":71}}],"line":27},"3":{"loc":{"start":{"line":40,"column":4},"end":{"line":40,"column":24}},"type":"if","locations":[{"start":{"line":40,"column":4},"end":{"line":40,"column":24}},{"start":{},"end":{}}],"line":40},"4":{"loc":{"start":{"line":42,"column":26},"end":{"line":42,"column":76}},"type":"cond-expr","locations":[{"start":{"line":42,"column":43},"end":{"line":42,"column":69}},{"start":{"line":42,"column":72},"end":{"line":42,"column":76}}],"line":42}},"s":{"0":2,"1":6,"2":6,"3":110,"4":110,"5":7,"6":7,"7":1,"8":6,"9":6,"10":6,"11":110,"12":4,"13":4,"14":5,"15":110,"16":2,"17":2,"18":2,"19":110,"20":3,"21":3,"22":1,"23":2,"24":2,"25":2,"26":110,"27":2,"28":2,"29":4,"30":110,"31":50,"32":110},"f":{"0":6,"1":110,"2":7,"3":6,"4":4,"5":4,"6":5,"7":2,"8":2,"9":2,"10":3,"11":2,"12":2,"13":2,"14":2,"15":4,"16":50},"b":{"0":[94],"1":[1,6],"2":[4,1],"3":[1,2],"4":[2,0]},"_coverageSchema":"1a1c01bbd47fc00a2c39e90264f33305004495a9","hash":"1d8af1367a98fde0e073bfdcbe51d872fbdadfc5"}
}
