{"C:\\Users\\da390\\OneDrive\\Documentos\\Git-Projects\\my-react-app\\src\\components\\TodoApp.jsx": {"path":"C:\\Users\\da390\\OneDrive\\Documentos\\Git-Projects\\my-react-app\\src\\components\\TodoApp.jsx","statementMap":{"0":{"start":{"line":5,"column":51},"end":{"line":5,"column":61}},"1":{"start":{"line":6,"column":26},"end":{"line":6,"column":38}},"2":{"start":{"line":7,"column":36},"end":{"line":7,"column":50}},"3":{"start":{"line":8,"column":28},"end":{"line":8,"column":40}},"4":{"start":{"line":10,"column":23},"end":{"line":14,"column":3}},"5":{"start":{"line":11,"column":4},"end":{"line":11,"column":26}},"6":{"start":{"line":12,"column":4},"end":{"line":12,"column":17}},"7":{"start":{"line":13,"column":4},"end":{"line":13,"column":15}},"8":{"start":{"line":16,"column":20},"end":{"line":19,"column":3}},"9":{"start":{"line":17,"column":4},"end":{"line":17,"column":25}},"10":{"start":{"line":18,"column":4},"end":{"line":18,"column":23}},"11":{"start":{"line":21,"column":27},"end":{"line":25,"column":3}},"12":{"start":{"line":22,"column":4},"end":{"line":22,"column":26}},"13":{"start":{"line":23,"column":4},"end":{"line":23,"column":30}},"14":{"start":{"line":24,"column":4},"end":{"line":24,"column":22}},"15":{"start":{"line":27,"column":2},"end":{"line":82,"column":3}},"16":{"start":{"line":34,"column":31},"end":{"line":34,"column":58}},"17":{"start":{"line":48,"column":12},"end":{"line":76,"column":17}},"18":{"start":{"line":54,"column":41},"end":{"line":54,"column":69}},"19":{"start":{"line":65,"column":31},"end":{"line":65,"column":46}},"20":{"start":{"line":72,"column":31},"end":{"line":72,"column":50}}},"fnMap":{"0":{"name":"TodoApp","decl":{"start":{"line":4,"column":16},"end":{"line":4,"column":23}},"loc":{"start":{"line":4,"column":26},"end":{"line":83,"column":1}},"line":4},"1":{"name":"(anonymous_1)","decl":{"start":{"line":10,"column":23},"end":{"line":10,"column":24}},"loc":{"start":{"line":10,"column":34},"end":{"line":14,"column":3}},"line":10},"2":{"name":"(anonymous_2)","decl":{"start":{"line":16,"column":20},"end":{"line":16,"column":21}},"loc":{"start":{"line":16,"column":30},"end":{"line":19,"column":3}},"line":16},"3":{"name":"(anonymous_3)","decl":{"start":{"line":21,"column":27},"end":{"line":21,"column":28}},"loc":{"start":{"line":21,"column":38},"end":{"line":25,"column":3}},"line":21},"4":{"name":"(anonymous_4)","decl":{"start":{"line":34,"column":20},"end":{"line":34,"column":21}},"loc":{"start":{"line":34,"column":31},"end":{"line":34,"column":58}},"line":34},"5":{"name":"(anonymous_5)","decl":{"start":{"line":47,"column":21},"end":{"line":47,"column":22}},"loc":{"start":{"line":48,"column":12},"end":{"line":76,"column":17}},"line":48},"6":{"name":"(anonymous_6)","decl":{"start":{"line":54,"column":30},"end":{"line":54,"column":31}},"loc":{"start":{"line":54,"column":41},"end":{"line":54,"column":69}},"line":54},"7":{"name":"(anonymous_7)","decl":{"start":{"line":65,"column":25},"end":{"line":65,"column":26}},"loc":{"start":{"line":65,"column":31},"end":{"line":65,"column":46}},"line":65},"8":{"name":"(anonymous_8)","decl":{"start":{"line":72,"column":25},"end":{"line":72,"column":26}},"loc":{"start":{"line":72,"column":31},"end":{"line":72,"column":50}},"line":72}},"branchMap":{"0":{"loc":{"start":{"line":43,"column":7},"end":{"line":79,"column":7}},"type":"cond-expr","locations":[{"start":{"line":44,"column":8},"end":{"line":44,"column":73}},{"start":{"line":46,"column":8},"end":{"line":78,"column":13}}],"line":43},"1":{"loc":{"start":{"line":49,"column":15},"end":{"line":61,"column":15}},"type":"cond-expr","locations":[{"start":{"line":50,"column":16},"end":{"line":58,"column":23}},{"start":{"line":60,"column":16},"end":{"line":60,"column":62}}],"line":49}},"s":{"0":57,"1":57,"2":57,"3":57,"4":57,"5":2,"6":2,"7":2,"8":57,"9":1,"10":1,"11":57,"12":1,"13":1,"14":1,"15":57,"16":34,"17":21,"18":16,"19":1,"20":1},"f":{"0":57,"1":2,"2":1,"3":1,"4":34,"5":21,"6":16,"7":1,"8":1},"b":{"0":[36,21],"1":[17,4]},"_coverageSchema":"1a1c01bbd47fc00a2c39e90264f33305004495a9","hash":"9745dea3f8774792f26510b4ec3cb65e39c2f466"}
,"C:\\Users\\da390\\OneDrive\\Documentos\\Git-Projects\\my-react-app\\src\\hooks\\useTodos.js": {"path":"C:\\Users\\da390\\OneDrive\\Documentos\\Git-Projects\\my-react-app\\src\\hooks\\useTodos.js","statementMap":{"0":{"start":{"line":3,"column":14},"end":{"line":3,"column":15}},"1":{"start":{"line":6,"column":2},"end":{"line":6,"column":14}},"2":{"start":{"line":7,"column":2},"end":{"line":7,"column":26}},"3":{"start":{"line":11,"column":28},"end":{"line":11,"column":50}},"4":{"start":{"line":13,"column":18},"end":{"line":18,"column":3}},"5":{"start":{"line":14,"column":20},"end":{"line":14,"column":31}},"6":{"start":{"line":15,"column":4},"end":{"line":15,"column":24}},"7":{"start":{"line":15,"column":18},"end":{"line":15,"column":24}},"8":{"start":{"line":16,"column":20},"end":{"line":16,"column":53}},"9":{"start":{"line":17,"column":4},"end":{"line":17,"column":42}},"10":{"start":{"line":17,"column":23},"end":{"line":17,"column":41}},"11":{"start":{"line":20,"column":21},"end":{"line":22,"column":3}},"12":{"start":{"line":21,"column":4},"end":{"line":21,"column":61}},"13":{"start":{"line":21,"column":23},"end":{"line":21,"column":60}},"14":{"start":{"line":21,"column":45},"end":{"line":21,"column":59}},"15":{"start":{"line":24,"column":19},"end":{"line":30,"column":3}},"16":{"start":{"line":25,"column":20},"end":{"line":25,"column":34}},"17":{"start":{"line":26,"column":4},"end":{"line":26,"column":24}},"18":{"start":{"line":26,"column":18},"end":{"line":26,"column":24}},"19":{"start":{"line":27,"column":4},"end":{"line":29,"column":5}},"20":{"start":{"line":28,"column":6},"end":{"line":28,"column":78}},"21":{"start":{"line":28,"column":26},"end":{"line":28,"column":76}},"22":{"start":{"line":32,"column":2},"end":{"line":32,"column":49}}},"fnMap":{"0":{"name":"createId","decl":{"start":{"line":5,"column":9},"end":{"line":5,"column":17}},"loc":{"start":{"line":5,"column":20},"end":{"line":8,"column":1}},"line":5},"1":{"name":"useTodos","decl":{"start":{"line":10,"column":16},"end":{"line":10,"column":24}},"loc":{"start":{"line":10,"column":44},"end":{"line":33,"column":1}},"line":10},"2":{"name":"(anonymous_2)","decl":{"start":{"line":13,"column":18},"end":{"line":13,"column":19}},"loc":{"start":{"line":13,"column":28},"end":{"line":18,"column":3}},"line":13},"3":{"name":"(anonymous_3)","decl":{"start":{"line":17,"column":13},"end":{"line":17,"column":14}},"loc":{"start":{"line":17,"column":23},"end":{"line":17,"column":41}},"line":17},"4":{"name":"(anonymous_4)","decl":{"start":{"line":20,"column":21},"end":{"line":20,"column":22}},"loc":{"start":{"line":20,"column":29},"end":{"line":22,"column":3}},"line":20},"5":{"name":"(anonymous_5)","decl":{"start":{"line":21,"column":13},"end":{"line":21,"column":14}},"loc":{"start":{"line":21,"column":23},"end":{"line":21,"column":60}},"line":21},"6":{"name":"(anonymous_6)","decl":{"start":{"line":21,"column":35},"end":{"line":21,"column":36}},"loc":{"start":{"line":21,"column":45},"end":{"line":21,"column":59}},"line":21},"7":{"name":"(anonymous_7)","decl":{"start":{"line":24,"column":19},"end":{"line":24,"column":20}},"loc":{"start":{"line":24,"column":36},"end":{"line":30,"column":3}},"line":24},"8":{"name":"(anonymous_8)","decl":{"start":{"line":27,"column":13},"end":{"line":27,"column":14}},"loc":{"start":{"line":28,"column":6},"end":{"line":28,"column":78}},"line":28},"9":{"name":"(anonymous_9)","decl":{"start":{"line":28,"column":15},"end":{"line":28,"column":16}},"loc":{"start":{"line":28,"column":26},"end":{"line":28,"column":76}},"line":28}},"branchMap":{"0":{"loc":{"start":{"line":10,"column":25},"end":{"line":10,"column":42}},"type":"default-arg","locations":[{"start":{"line":10,"column":40},"end":{"line":10,"column":42}}],"line":10},"1":{"loc":{"start":{"line":15,"column":4},"end":{"line":15,"column":24}},"type":"if","locations":[{"start":{"line":15,"column":4},"end":{"line":15,"column":24}},{"start":{},"end":{}}],"line":15},"2":{"loc":{"start":{"line":26,"column":4},"end":{"line":26,"column":24}},"type":"if","locations":[{"start":{"line":26,"column":4},"end":{"line":26,"column":24}},{"start":{},"end":{}}],"line":26},"3":{"loc":{"start":{"line":28,"column":26},"end":{"line":28,"column":76}},"type":"cond-expr","locations":[{"start":{"line":28,"column":43},"end":{"line":28,"column":69}},{"start":{"line":28,"column":72},"end":{"line":28,"column":76}}],"line":28}},"s":{"0":2,"1":3,"2":3,"3":67,"4":67,"5":4,"6":4,"7":1,"8":3,"9":3,"10":3,"11":67,"12":2,"13":2,"14":2,"15":67,"16":3,"17":3,"18":1,"19":2,"20":2,"21":2,"22":67},"f":{"0":3,"1":67,"2":4,"3":3,"4":2,"5":2,"6":2,"7":3,"8":2,"9":2},"b":{"0":[57],"1":[1,3],"2":[1,2],"3":[2,0]},"_coverageSchema":"1a1c01bbd47fc00a2c39e90264f33305004495a9","hash":"f0ce9251233cc7cc94a6bba55cf3163a9f234e61"}
}
