TN:
SF:src\components\TodoApp.jsx
FN:6,TodoApp
FN:21,(anonymous_1)
FN:28,(anonymous_2)
FN:34,(anonymous_3)
FN:41,(anonymous_4)
FN:54,(anonymous_5)
FN:67,(anonymous_6)
FN:75,(anonymous_7)
FN:83,(anonymous_8)
FN:94,(anonymous_9)
FN:101,(anonymous_10)
FNF:11
FNH:11
FNDA:94,TodoApp
FNDA:5,(anonymous_1)
FNDA:1,(anonymous_2)
FNDA:1,(anonymous_3)
FNDA:34,(anonymous_4)
FNDA:63,(anonymous_5)
FNDA:35,(anonymous_6)
FNDA:2,(anonymous_7)
FNDA:16,(anonymous_8)
FNDA:1,(anonymous_9)
FNDA:1,(anonymous_10)
DA:15,94
DA:16,94
DA:17,94
DA:18,94
DA:21,94
DA:22,5
DA:23,5
DA:24,5
DA:28,94
DA:29,1
DA:30,1
DA:34,94
DA:35,1
DA:36,1
DA:37,1
DA:41,94
DA:43,94
DA:54,63
DA:68,35
DA:75,2
DA:83,16
DA:94,1
DA:101,1
LF:23
LH:23
BRDA:47,0,0,31
BRDA:47,0,1,63
BRDA:63,1,0,61
BRDA:63,1,1,33
BRDA:70,2,0,2
BRDA:70,2,1,33
BRDA:78,3,0,17
BRDA:78,3,1,18
BRDA:110,4,0,94
BRDA:110,4,1,2
BRF:10
BRH:10
end_of_record
TN:
SF:src\hooks\useTodos.js
FN:6,createId
FN:12,useTodos
FN:16,(anonymous_2)
FN:20,(anonymous_3)
FN:24,(anonymous_4)
FN:25,(anonymous_5)
FN:26,(anonymous_6)
FN:33,(anonymous_7)
FN:34,(anonymous_8)
FN:34,(anonymous_9)
FN:38,(anonymous_10)
FN:41,(anonymous_11)
FN:42,(anonymous_12)
FN:47,(anonymous_13)
FN:48,(anonymous_14)
FN:48,(anonymous_15)
FN:52,(anonymous_16)
FNF:17
FNH:17
FNDA:6,createId
FNDA:110,useTodos
FNDA:7,(anonymous_2)
FNDA:6,(anonymous_3)
FNDA:4,(anonymous_4)
FNDA:4,(anonymous_5)
FNDA:5,(anonymous_6)
FNDA:2,(anonymous_7)
FNDA:2,(anonymous_8)
FNDA:2,(anonymous_9)
FNDA:3,(anonymous_10)
FNDA:2,(anonymous_11)
FNDA:2,(anonymous_12)
FNDA:2,(anonymous_13)
FNDA:2,(anonymous_14)
FNDA:4,(anonymous_15)
FNDA:50,(anonymous_16)
DA:3,2
DA:7,6
DA:8,6
DA:13,110
DA:16,110
DA:17,7
DA:18,7
DA:19,6
DA:20,6
DA:24,110
DA:25,4
DA:26,4
DA:27,5
DA:33,110
DA:34,2
DA:38,110
DA:39,3
DA:40,3
DA:41,2
DA:42,2
DA:47,110
DA:48,4
DA:52,110
DA:54,110
LF:24
LH:24
BRDA:12,0,0,94
BRDA:18,1,0,1
BRDA:18,1,1,6
BRDA:27,2,0,4
BRDA:27,2,1,1
BRDA:40,3,0,1
BRDA:40,3,1,2
BRDA:42,4,0,2
BRDA:42,4,1,0
BRF:9
BRH:8
end_of_record
