TN:
SF:src/components/TodoApp.jsx
FN:4,TodoApp
FN:18,(anonymous_1)
FN:24,(anonymous_2)
FN:29,(anonymous_3)
FN:35,(anonymous_4)
FN:48,(anonymous_5)
FN:61,(anonymous_6)
FN:69,(anonymous_7)
FN:77,(anonymous_8)
FN:88,(anonymous_9)
FN:95,(anonymous_10)
FNF:11
FNH:11
FNDA:94,TodoApp
FNDA:5,(anonymous_1)
FNDA:1,(anonymous_2)
FNDA:1,(anonymous_3)
FNDA:34,(anonymous_4)
FNDA:63,(anonymous_5)
FNDA:35,(anonymous_6)
FNDA:2,(anonymous_7)
FNDA:16,(anonymous_8)
FNDA:1,(anonymous_9)
FNDA:1,(anonymous_10)
DA:13,94
DA:14,94
DA:15,94
DA:16,94
DA:18,94
DA:19,5
DA:20,5
DA:21,5
DA:24,94
DA:25,1
DA:26,1
DA:29,94
DA:30,1
DA:31,1
DA:32,1
DA:35,94
DA:37,94
DA:48,63
DA:62,35
DA:69,2
DA:77,16
DA:88,1
DA:95,1
LF:23
LH:23
BRDA:41,0,0,31
BRDA:41,0,1,63
BRDA:57,1,0,61
BRDA:57,1,1,33
BRDA:64,2,0,2
BRDA:64,2,1,33
BRDA:72,3,0,17
BRDA:72,3,1,18
BRDA:104,4,0,94
BRDA:104,4,1,2
BRF:10
BRH:10
end_of_record
TN:
SF:src/hooks/useTodos.js
FN:5,createId
FN:10,useTodos
FN:13,(anonymous_2)
FN:17,(anonymous_3)
FN:20,(anonymous_4)
FN:21,(anonymous_5)
FN:22,(anonymous_6)
FN:28,(anonymous_7)
FN:29,(anonymous_8)
FN:29,(anonymous_9)
FN:32,(anonymous_10)
FN:35,(anonymous_11)
FN:36,(anonymous_12)
FN:40,(anonymous_13)
FN:41,(anonymous_14)
FN:41,(anonymous_15)
FN:44,(anonymous_16)
FNF:17
FNH:17
FNDA:6,createId
FNDA:112,useTodos
FNDA:7,(anonymous_2)
FNDA:6,(anonymous_3)
FNDA:4,(anonymous_4)
FNDA:4,(anonymous_5)
FNDA:5,(anonymous_6)
FNDA:2,(anonymous_7)
FNDA:2,(anonymous_8)
FNDA:2,(anonymous_9)
FNDA:4,(anonymous_10)
FNDA:3,(anonymous_11)
FNDA:4,(anonymous_12)
FNDA:2,(anonymous_13)
FNDA:2,(anonymous_14)
FNDA:4,(anonymous_15)
FNDA:54,(anonymous_16)
DA:3,2
DA:6,6
DA:7,6
DA:11,112
DA:13,112
DA:14,7
DA:15,7
DA:16,6
DA:17,6
DA:20,112
DA:21,4
DA:22,4
DA:23,5
DA:28,112
DA:29,2
DA:32,112
DA:33,4
DA:34,4
DA:35,3
DA:36,4
DA:40,112
DA:41,4
DA:44,112
DA:46,112
LF:24
LH:24
BRDA:10,0,0,98
BRDA:15,1,0,1
BRDA:15,1,1,6
BRDA:23,2,0,4
BRDA:23,2,1,1
BRDA:34,3,0,1
BRDA:34,3,1,3
BRDA:36,4,0,3
BRDA:36,4,1,1
BRF:9
BRH:9
end_of_record
